<?xml version="1.0" encoding="UTF-8"?>
<!-- Generated by org.testng.reporters.JUnitReportReporter -->
<testsuite skipped="0" hostname="DESKTOP-506AGEU" name="com_hackethon_test.HealthInsuranceTest" tests="1" failures="0" timestamp="30 Oct 2020 10:22:31 GMT" time="40.964" errors="0">
  <testcase name="testThree" time="40.964" classname="com_hackethon_test.HealthInsuranceTest"/>
</testsuite> <!-- com_hackethon_test.HealthInsuranceTest -->
