<?xml version="1.0" encoding="UTF-8"?>
<!-- Generated by org.testng.reporters.JUnitReportReporter -->
<testsuite skipped="0" hostname="DESKTOP-506AGEU" name="com_hackethon_test.CarInsuranceTest" tests="10" failures="0" timestamp="31 Oct 2020 06:03:22 GMT" time="879.170" errors="0">
  <testcase name="testTwo" time="80.041" classname="com_hackethon_test.CarInsuranceTest"/>
  <testcase name="testTwo" time="80.973" classname="com_hackethon_test.CarInsuranceTest"/>
  <testcase name="testTwo" time="83.684" classname="com_hackethon_test.CarInsuranceTest"/>
  <testcase name="testTwo" time="89.075" classname="com_hackethon_test.CarInsuranceTest"/>
  <testcase name="testTwo" time="84.691" classname="com_hackethon_test.CarInsuranceTest"/>
  <testcase name="testTwo" time="109.298" classname="com_hackethon_test.CarInsuranceTest"/>
  <testcase name="testTwo" time="77.435" classname="com_hackethon_test.CarInsuranceTest"/>
  <testcase name="testTwo" time="113.723" classname="com_hackethon_test.CarInsuranceTest"/>
  <testcase name="testTwo" time="78.190" classname="com_hackethon_test.CarInsuranceTest"/>
  <testcase name="testTwo" time="82.060" classname="com_hackethon_test.CarInsuranceTest"/>
</testsuite> <!-- com_hackethon_test.CarInsuranceTest -->
