<?xml version="1.0" encoding="UTF-8"?>
<!-- Generated by org.testng.reporters.JUnitReportReporter -->
<testsuite skipped="0" hostname="DESKTOP-506AGEU" name="com_hackethon_test.InsuranceTest" tests="11" failures="0" timestamp="31 Oct 2020 06:03:22 GMT" time="949.785" errors="0">
  <testcase name="testOne" time="94.405" classname="com_hackethon_test.InsuranceTest"/>
  <testcase name="testOne" time="53.077" classname="com_hackethon_test.InsuranceTest"/>
  <testcase name="testOne" time="81.706" classname="com_hackethon_test.InsuranceTest"/>
  <testcase name="testOne" time="119.771" classname="com_hackethon_test.InsuranceTest"/>
  <testcase name="testOne" time="100.924" classname="com_hackethon_test.InsuranceTest"/>
  <testcase name="testOne" time="84.854" classname="com_hackethon_test.InsuranceTest"/>
  <testcase name="testOne" time="75.689" classname="com_hackethon_test.InsuranceTest"/>
  <testcase name="testOne" time="95.809" classname="com_hackethon_test.InsuranceTest"/>
  <testcase name="testOne" time="108.636" classname="com_hackethon_test.InsuranceTest"/>
  <testcase name="testOne" time="61.189" classname="com_hackethon_test.InsuranceTest"/>
  <testcase name="testOne" time="73.725" classname="com_hackethon_test.InsuranceTest"/>
</testsuite> <!-- com_hackethon_test.InsuranceTest -->
